0 info it worked if it ends with ok
1 verbose cli [ 'C:\\Program Files\\nodejs\\node.exe',
1 verbose cli   'C:\\Program Files\\nodejs\\node_modules\\npm\\bin\\npm-cli.js',
1 verbose cli   'start' ]
2 info using npm@3.6.0
3 info using node@v5.7.0
4 verbose run-script [ 'prestart', 'start', 'poststart' ]
5 info lifecycle trabajadores_heroku@0.1.0~prestart: trabajadores_heroku@0.1.0
6 silly lifecycle trabajadores_heroku@0.1.0~prestart: no script for prestart, continuing
7 info lifecycle trabajadores_heroku@0.1.0~start: trabajadores_heroku@0.1.0
8 verbose lifecycle trabajadores_heroku@0.1.0~start: unsafe-perm in lifecycle true
9 verbose lifecycle trabajadores_heroku@0.1.0~start: PATH: C:\Program Files\nodejs\node_modules\npm\bin\node-gyp-bin;C:\desarrollos\Backbone\trabajadores\node_modules\.bin;C:\Users\mg01\bin;C:\Program Files (x86)\Git\mingw32\bin;C:\Program Files (x86)\Git\usr\local\bin;C:\Program Files (x86)\Git\usr\bin;C:\Program Files (x86)\Git\usr\bin;C:\Program Files (x86)\Git\mingw32\bin;C:\Program Files (x86)\Git\usr\bin;C:\Users\mg01\bin;C:\Windows\system32;C:\Windows;C:\Windows\System32\Wbem;C:\Windows\System32\WindowsPowerShell\v1.0;C:\Program Files (x86)\Microsoft SQL Server\100\Tools\Binn;C:\Program Files (x86)\Microsoft SQL Server\100\Tools\Binn\VSShell\Common7\IDE;C:\Program Files (x86)\Microsoft SQL Server\100\DTS\Binn;C:\Program Files (x86)\Panda Security\WaAgent\Common;C:\Program Files\Microsoft\Web Platform Installer;C:\Program Files (x86)\Microsoft ASP.NET\ASP.NET Web Pages\v1.0;C:\Program Files\Microsoft SQL Server\110\Tools\Binn;C:\Program Files\Microsoft SQL Server\100\Tools\Binn;C:\Program Files\Microsoft SQL Server\100\DTS\Binn;C:\Program Files\Common Files\ThinPrint;C:\Program Files\nodejs;C:\Program Files (x86)\Windows Kits\8.1\Windows Performance Toolkit;C:\Program Files (x86)\Microsoft SQL Server\110\Tools\Binn\ManagementStudio;C:\Program Files (x86)\Microsoft SQL Server\110\Tools\Binn;C:\Program Files (x86)\Microsoft SQL Server\110\DTS\Binn;C:\Program Files\nodejs;C:\Program Files (x86)\Heroku\bin;C:\Program Files (x86)\git\cmd;C:\Users\mg01\AppData\Local\atom\bin;C:\Users\mg01\AppData\Roaming\npm;C:\Program Files (x86)\Git\usr\bin\vendor_perl;C:\Program Files (x86)\Git\usr\bin\core_perl
10 verbose lifecycle trabajadores_heroku@0.1.0~start: CWD: C:\desarrollos\Backbone\trabajadores
11 silly lifecycle trabajadores_heroku@0.1.0~start: Args: [ '/d /s /c', 'node server.js' ]
12 silly lifecycle trabajadores_heroku@0.1.0~start: Returned: code: 1  signal: null
13 info lifecycle trabajadores_heroku@0.1.0~start: Failed to exec start script
14 verbose stack Error: trabajadores_heroku@0.1.0 start: `node server.js`
14 verbose stack Exit status 1
14 verbose stack     at EventEmitter.<anonymous> (C:\Program Files\nodejs\node_modules\npm\lib\utils\lifecycle.js:232:16)
14 verbose stack     at emitTwo (events.js:100:13)
14 verbose stack     at EventEmitter.emit (events.js:185:7)
14 verbose stack     at ChildProcess.<anonymous> (C:\Program Files\nodejs\node_modules\npm\lib\utils\spawn.js:24:14)
14 verbose stack     at emitTwo (events.js:100:13)
14 verbose stack     at ChildProcess.emit (events.js:185:7)
14 verbose stack     at maybeClose (internal/child_process.js:827:16)
14 verbose stack     at Process.ChildProcess._handle.onexit (internal/child_process.js:211:5)
15 verbose pkgid trabajadores_heroku@0.1.0
16 verbose cwd C:\desarrollos\Backbone\trabajadores
17 error Windows_NT 6.1.7601
18 error argv "C:\\Program Files\\nodejs\\node.exe" "C:\\Program Files\\nodejs\\node_modules\\npm\\bin\\npm-cli.js" "start"
19 error node v5.7.0
20 error npm  v3.6.0
21 error code ELIFECYCLE
22 error trabajadores_heroku@0.1.0 start: `node server.js`
22 error Exit status 1
23 error Failed at the trabajadores_heroku@0.1.0 start script 'node server.js'.
23 error Make sure you have the latest version of node.js and npm installed.
23 error If you do, this is most likely a problem with the trabajadores_heroku package,
23 error not with npm itself.
23 error Tell the author that this fails on your system:
23 error     node server.js
23 error You can get information on how to open an issue for this project with:
23 error     npm bugs trabajadores_heroku
23 error Or if that isn't available, you can get their info via:
23 error     npm owner ls trabajadores_heroku
23 error There is likely additional logging output above.
24 verbose exit [ 1, true ]
